[08-Jun-2023 10:53:57 -0500]: <622b9e8d> [5 ERR] Database::get (SELECT "filename" FROM carddav_migrations) ERROR: [1] no such table: carddav_migrations 
[08-Jun-2023 11:03:54 -0500]: <06b49cbc> [5 ERR] Database::get (SELECT "filename" FROM carddav_migrations) ERROR: [1] no such table: carddav_migrations 
[08-Jun-2023 14:06:28 -0500]: <49061386> [5 ERR] Database::get (SELECT "filename" FROM carddav_migrations) ERROR: [1] no such table: carddav_migrations 
[08-Jun-2023 14:39:34 -0500]: <9a1165e5> [5 ERR] Database::get (SELECT "filename" FROM carddav_migrations) ERROR: [1] no such table: carddav_migrations 
[08-Jun-2023 15:47:20 -0500]: <896a77fc> [5 ERR] Database::get (SELECT "filename" FROM carddav_migrations) ERROR: [1] no such table: carddav_migrations 
[08-Jun-2023 20:51:16 -0500]: <f5e534c3> [5 ERR] Database::get (SELECT "filename" FROM carddav_migrations) ERROR: [1] no such table: carddav_migrations 
[08-Jun-2023 20:52:39 -0500]: <2f5af215> [5 ERR] Database::get (SELECT "filename" FROM carddav_migrations) ERROR: [1] no such table: carddav_migrations 
[08-Jun-2023 21:03:56 -0500]: <b8ba3b07> [5 ERR] Database::get (SELECT "filename" FROM carddav_migrations) ERROR: [1] no such table: carddav_migrations 
[08-Jun-2023 21:08:10 -0500]: <78057a25> [5 ERR] Database::get (SELECT "filename" FROM carddav_migrations) ERROR: [1] no such table: carddav_migrations 
[08-Jun-2023 21:54:17 -0500]: <78ade93d> [5 ERR] Database::get (SELECT "filename" FROM carddav_migrations) ERROR: [1] no such table: carddav_migrations 
[09-Jun-2023 09:06:22 -0500]: <54f6ddcc> [5 ERR] Database::get (SELECT "filename" FROM carddav_migrations) ERROR: [1] no such table: carddav_migrations 
[09-Jun-2023 23:10:29 -0500]: <e55d7dee> [5 ERR] Database::get (SELECT "filename" FROM carddav_migrations) ERROR: [1] no such table: carddav_migrations 
[10-Jun-2023 11:57:36 -0500]: <b53f06dc> [5 ERR] Database::get (SELECT "filename" FROM carddav_migrations) ERROR: [1] no such table: carddav_migrations 
[10-Jun-2023 13:17:02 -0500]: <f060db04> [5 ERR] Database::get (SELECT "filename" FROM carddav_migrations) ERROR: [1] no such table: carddav_migrations 
[12-Sep-2024 10:18:37 -0500]: <35fb01a7> [5 ERR] Database::get (SELECT * FROM carddav_addressbooks WHERE (("user_id" = '1'))) ERROR: [1] no such table: carddav_addressbooks 
[12-Sep-2024 10:18:37 -0500]: <35fb01a7> [5 ERR] Error reading carddav addressbooks: [1] no such table: carddav_addressbooks 
[12-Sep-2024 10:18:37 -0500]: <35fb01a7> [5 ERR] Database::get (SELECT "filename" FROM carddav_migrations) ERROR: [1] no such table: carddav_migrations 
[12-Sep-2024 10:18:42 -0500]: <1ae61bcc> [5 ERR] Database::insert (INSERT INTO carddav_addressbooks("name","username","password","url","user_id","sync_token","active","presetname","use_categories","refresh_time") VALUES (?,?,?,?,?,?,?,?,?,?)) ERROR: [1] table carddav_addressbooks has no column named use_categories 
[12-Sep-2024 10:18:42 -0500]: <1ae61bcc> [5 ERR] Error adding addressbook from preset cPCardDAV: [1] table carddav_addressbooks has no column named use_categories 
[12-Sep-2024 10:18:43 -0500]: <35fb01a7> [5 ERR] Database::insert (INSERT INTO carddav_addressbooks("name","username","password","url","user_id","sync_token","active","presetname","use_categories","refresh_time") VALUES (?,?,?,?,?,?,?,?,?,?)) ERROR: [1] table carddav_addressbooks has no column named use_categories 
[12-Sep-2024 10:18:43 -0500]: <35fb01a7> [5 ERR] Error adding addressbook from preset cPCardDAV: [1] table carddav_addressbooks has no column named use_categories 
[12-Sep-2024 15:10:33 -0500]: <5c567cad> [5 ERR] Database::insert (INSERT INTO carddav_addressbooks("name","username","password","url","user_id","sync_token","active","presetname","use_categories","refresh_time") VALUES (?,?,?,?,?,?,?,?,?,?)) ERROR: [1] table carddav_addressbooks has no column named use_categories 
[12-Sep-2024 15:10:33 -0500]: <5c567cad> [5 ERR] Error adding addressbook from preset cPCardDAV: [1] table carddav_addressbooks has no column named use_categories 
[12-Sep-2024 16:09:52 -0500]: <db72945f> [5 ERR] Database::insert (INSERT INTO carddav_addressbooks("name","username","password","url","user_id","sync_token","active","presetname","use_categories","refresh_time") VALUES (?,?,?,?,?,?,?,?,?,?)) ERROR: [1] table carddav_addressbooks has no column named use_categories 
[12-Sep-2024 16:09:52 -0500]: <db72945f> [5 ERR] Error adding addressbook from preset cPCardDAV: [1] table carddav_addressbooks has no column named use_categories 
[06-Oct-2024 11:24:46 -0500]: <8592254f> [5 ERR] Database::insert (INSERT INTO carddav_addressbooks("name","username","password","url","user_id","sync_token","active","presetname","use_categories","refresh_time") VALUES (?,?,?,?,?,?,?,?,?,?)) ERROR: [1] table carddav_addressbooks has no column named use_categories 
[06-Oct-2024 11:24:46 -0500]: <8592254f> [5 ERR] Error adding addressbook from preset cPCardDAV: [1] table carddav_addressbooks has no column named use_categories 
[07-Oct-2024 09:22:47 -0500]: <fa264b10> [5 ERR] Database::insert (INSERT INTO carddav_addressbooks("name","username","password","url","user_id","sync_token","active","presetname","use_categories","refresh_time") VALUES (?,?,?,?,?,?,?,?,?,?)) ERROR: [1] table carddav_addressbooks has no column named use_categories 
[07-Oct-2024 09:22:47 -0500]: <fa264b10> [5 ERR] Error adding addressbook from preset cPCardDAV: [1] table carddav_addressbooks has no column named use_categories 
[07-Oct-2024 15:11:52 -0500]: <f6955e0e> [5 ERR] Database::insert (INSERT INTO carddav_addressbooks("name","username","password","url","user_id","sync_token","active","presetname","use_categories","refresh_time") VALUES (?,?,?,?,?,?,?,?,?,?)) ERROR: [1] table carddav_addressbooks has no column named use_categories 
[07-Oct-2024 15:11:52 -0500]: <f6955e0e> [5 ERR] Error adding addressbook from preset cPCardDAV: [1] table carddav_addressbooks has no column named use_categories 
[11-Oct-2024 10:54:24 -0500]: <fc1a41de> [5 ERR] Database::insert (INSERT INTO carddav_addressbooks("name","username","password","url","user_id","sync_token","active","presetname","use_categories","refresh_time") VALUES (?,?,?,?,?,?,?,?,?,?)) ERROR: [1] table carddav_addressbooks has no column named use_categories 
[11-Oct-2024 10:54:24 -0500]: <fc1a41de> [5 ERR] Error adding addressbook from preset cPCardDAV: [1] table carddav_addressbooks has no column named use_categories 
[11-Oct-2024 17:44:13 -0500]: <e0510e6c> [5 ERR] Database::insert (INSERT INTO carddav_addressbooks("name","username","password","url","user_id","sync_token","active","presetname","use_categories","refresh_time") VALUES (?,?,?,?,?,?,?,?,?,?)) ERROR: [1] table carddav_addressbooks has no column named use_categories 
[11-Oct-2024 17:44:13 -0500]: <e0510e6c> [5 ERR] Error adding addressbook from preset cPCardDAV: [1] table carddav_addressbooks has no column named use_categories 
[12-Oct-2024 10:40:20 -0500]: <093b42ea> [5 ERR] Database::insert (INSERT INTO carddav_addressbooks("name","username","password","url","user_id","sync_token","active","presetname","use_categories","refresh_time") VALUES (?,?,?,?,?,?,?,?,?,?)) ERROR: [1] table carddav_addressbooks has no column named use_categories 
[12-Oct-2024 10:40:20 -0500]: <093b42ea> [5 ERR] Error adding addressbook from preset cPCardDAV: [1] table carddav_addressbooks has no column named use_categories 
[15-Oct-2024 09:16:35 -0500]: <c5658b32> [5 ERR] Database::insert (INSERT INTO carddav_addressbooks("name","username","password","url","user_id","sync_token","active","presetname","use_categories","refresh_time") VALUES (?,?,?,?,?,?,?,?,?,?)) ERROR: [1] table carddav_addressbooks has no column named use_categories 
[15-Oct-2024 09:16:35 -0500]: <c5658b32> [5 ERR] Error adding addressbook from preset cPCardDAV: [1] table carddav_addressbooks has no column named use_categories 
[12-Nov-2024 11:26:37 -0500]: <8df2b91f> [5 ERR] Database::insert (INSERT INTO carddav_addressbooks("name","username","password","url","user_id","sync_token","active","presetname","use_categories","refresh_time") VALUES (?,?,?,?,?,?,?,?,?,?)) ERROR: [1] table carddav_addressbooks has no column named use_categories 
[12-Nov-2024 11:26:37 -0500]: <8df2b91f> [5 ERR] Error adding addressbook from preset cPCardDAV: [1] table carddav_addressbooks has no column named use_categories 
[13-Nov-2024 08:13:26 -0500]: <c99e8378> [5 ERR] Database::insert (INSERT INTO carddav_addressbooks("name","username","password","url","user_id","sync_token","active","presetname","use_categories","refresh_time") VALUES (?,?,?,?,?,?,?,?,?,?)) ERROR: [1] table carddav_addressbooks has no column named use_categories 
[13-Nov-2024 08:13:26 -0500]: <c99e8378> [5 ERR] Error adding addressbook from preset cPCardDAV: [1] table carddav_addressbooks has no column named use_categories 
[13-Nov-2024 11:59:38 -0500]: <bf14f194> [5 ERR] Database::get (SELECT * FROM carddav_addressbooks WHERE (("user_id" = '1'))) ERROR: [1] no such table: carddav_addressbooks 
[13-Nov-2024 11:59:38 -0500]: <bf14f194> [5 ERR] Error reading carddav addressbooks: [1] no such table: carddav_addressbooks 
[13-Nov-2024 11:59:38 -0500]: <bf14f194> [5 ERR] Database::get (SELECT "filename" FROM carddav_migrations) ERROR: [1] no such table: carddav_migrations 
[13-Nov-2024 11:59:39 -0500]: <bf14f194> [5 ERR] Database::insert (INSERT INTO carddav_addressbooks("name","username","password","url","user_id","sync_token","active","presetname","use_categories","refresh_time") VALUES (?,?,?,?,?,?,?,?,?,?)) ERROR: [1] table carddav_addressbooks has no column named use_categories 
[13-Nov-2024 11:59:39 -0500]: <bf14f194> [5 ERR] Error adding addressbook from preset cPCardDAV: [1] table carddav_addressbooks has no column named use_categories 
[13-Nov-2024 12:03:44 -0500]: <91a70309> [5 ERR] Database::insert (INSERT INTO carddav_addressbooks("name","username","password","url","user_id","sync_token","active","presetname","use_categories","refresh_time") VALUES (?,?,?,?,?,?,?,?,?,?)) ERROR: [1] table carddav_addressbooks has no column named use_categories 
[13-Nov-2024 12:03:44 -0500]: <91a70309> [5 ERR] Error adding addressbook from preset cPCardDAV: [1] table carddav_addressbooks has no column named use_categories 
[19-Nov-2024 09:44:37 -0500]: <30b33cdd> [5 ERR] Database::insert (INSERT INTO carddav_addressbooks("name","username","password","url","user_id","sync_token","active","presetname","use_categories","refresh_time") VALUES (?,?,?,?,?,?,?,?,?,?)) ERROR: [1] table carddav_addressbooks has no column named use_categories 
[19-Nov-2024 09:44:37 -0500]: <30b33cdd> [5 ERR] Error adding addressbook from preset cPCardDAV: [1] table carddav_addressbooks has no column named use_categories 
[19-Nov-2024 11:47:38 -0500]: <6f9780d4> [5 ERR] Database::insert (INSERT INTO carddav_addressbooks("name","username","password","url","user_id","sync_token","active","presetname","use_categories","refresh_time") VALUES (?,?,?,?,?,?,?,?,?,?)) ERROR: [1] table carddav_addressbooks has no column named use_categories 
[19-Nov-2024 11:47:38 -0500]: <6f9780d4> [5 ERR] Error adding addressbook from preset cPCardDAV: [1] table carddav_addressbooks has no column named use_categories 
[22-Nov-2024 09:36:37 -0500]: <4b97b371> [5 ERR] Database::get (SELECT * FROM carddav_addressbooks WHERE (("user_id" = '1'))) ERROR: [1] no such table: carddav_addressbooks 
[22-Nov-2024 09:36:37 -0500]: <4b97b371> [5 ERR] Error reading carddav addressbooks: [1] no such table: carddav_addressbooks 
[22-Nov-2024 09:36:37 -0500]: <4b97b371> [5 ERR] Database::get (SELECT "filename" FROM carddav_migrations) ERROR: [1] no such table: carddav_migrations 
[22-Nov-2024 09:36:49 -0500]: <4b97b371> [5 ERR] Database::insert (INSERT INTO carddav_addressbooks("name","username","password","url","user_id","sync_token","active","presetname","use_categories","refresh_time") VALUES (?,?,?,?,?,?,?,?,?,?)) ERROR: [1] table carddav_addressbooks has no column named use_categories 
[22-Nov-2024 09:36:49 -0500]: <4b97b371> [5 ERR] Error adding addressbook from preset cPCardDAV: [1] table carddav_addressbooks has no column named use_categories 
[22-Nov-2024 09:37:14 -0500]: <ca0c35e6> [5 ERR] Database::insert (INSERT INTO carddav_addressbooks("name","username","password","url","user_id","sync_token","active","presetname","use_categories","refresh_time") VALUES (?,?,?,?,?,?,?,?,?,?)) ERROR: [1] table carddav_addressbooks has no column named use_categories 
[22-Nov-2024 09:37:14 -0500]: <ca0c35e6> [5 ERR] Error adding addressbook from preset cPCardDAV: [1] table carddav_addressbooks has no column named use_categories 
[15-Feb-2025 09:48:11 -0500]: <b21c5c9c> [5 ERR] Database::insert (INSERT INTO carddav_addressbooks("name","username","password","url","user_id","sync_token","active","presetname","use_categories","refresh_time") VALUES (?,?,?,?,?,?,?,?,?,?)) ERROR: [1] table carddav_addressbooks has no column named use_categories 
[15-Feb-2025 09:48:11 -0500]: <b21c5c9c> [5 ERR] Error adding addressbook from preset cPCardDAV: [1] table carddav_addressbooks has no column named use_categories 
[15-Feb-2025 12:57:18 -0500]: <af8805ef> [5 ERR] Database::insert (INSERT INTO carddav_addressbooks("name","username","password","url","user_id","sync_token","active","presetname","use_categories","refresh_time") VALUES (?,?,?,?,?,?,?,?,?,?)) ERROR: [1] table carddav_addressbooks has no column named use_categories 
[15-Feb-2025 12:57:18 -0500]: <af8805ef> [5 ERR] Error adding addressbook from preset cPCardDAV: [1] table carddav_addressbooks has no column named use_categories 
[15-Feb-2025 14:13:23 -0500]: <f87cb304> [5 ERR] Database::insert (INSERT INTO carddav_addressbooks("name","username","password","url","user_id","sync_token","active","presetname","use_categories","refresh_time") VALUES (?,?,?,?,?,?,?,?,?,?)) ERROR: [1] table carddav_addressbooks has no column named use_categories 
[15-Feb-2025 14:13:23 -0500]: <f87cb304> [5 ERR] Error adding addressbook from preset cPCardDAV: [1] table carddav_addressbooks has no column named use_categories 
[15-Feb-2025 15:05:18 -0500]: <cffba49f> [5 ERR] Database::insert (INSERT INTO carddav_addressbooks("name","username","password","url","user_id","sync_token","active","presetname","use_categories","refresh_time") VALUES (?,?,?,?,?,?,?,?,?,?)) ERROR: [1] table carddav_addressbooks has no column named use_categories 
[15-Feb-2025 15:05:18 -0500]: <cffba49f> [5 ERR] Error adding addressbook from preset cPCardDAV: [1] table carddav_addressbooks has no column named use_categories 
[18-Feb-2025 11:19:42 -0500]: <972f3e23> [5 ERR] Database::insert (INSERT INTO carddav_addressbooks("name","username","password","url","user_id","sync_token","active","presetname","use_categories","refresh_time") VALUES (?,?,?,?,?,?,?,?,?,?)) ERROR: [1] table carddav_addressbooks has no column named use_categories 
[18-Feb-2025 11:19:42 -0500]: <972f3e23> [5 ERR] Error adding addressbook from preset cPCardDAV: [1] table carddav_addressbooks has no column named use_categories 
[18-Feb-2025 14:25:27 -0500]: <57c030c2> [5 ERR] Database::insert (INSERT INTO carddav_addressbooks("name","username","password","url","user_id","sync_token","active","presetname","use_categories","refresh_time") VALUES (?,?,?,?,?,?,?,?,?,?)) ERROR: [1] table carddav_addressbooks has no column named use_categories 
[18-Feb-2025 14:25:27 -0500]: <57c030c2> [5 ERR] Error adding addressbook from preset cPCardDAV: [1] table carddav_addressbooks has no column named use_categories 
[10-Mar-2025 09:49:46 -0500]: <77c20fca> [5 ERR] Database::insert (INSERT INTO carddav_addressbooks("name","username","password","url","user_id","sync_token","active","presetname","use_categories","refresh_time") VALUES (?,?,?,?,?,?,?,?,?,?)) ERROR: [1] table carddav_addressbooks has no column named use_categories 
[10-Mar-2025 09:49:46 -0500]: <77c20fca> [5 ERR] Error adding addressbook from preset cPCardDAV: [1] table carddav_addressbooks has no column named use_categories 
[10-Mar-2025 10:47:06 -0500]: <a2119f82> [5 ERR] Database::insert (INSERT INTO carddav_addressbooks("name","username","password","url","user_id","sync_token","active","presetname","use_categories","refresh_time") VALUES (?,?,?,?,?,?,?,?,?,?)) ERROR: [1] table carddav_addressbooks has no column named use_categories 
[10-Mar-2025 10:47:06 -0500]: <a2119f82> [5 ERR] Error adding addressbook from preset cPCardDAV: [1] table carddav_addressbooks has no column named use_categories 
[10-Mar-2025 12:50:09 -0500]: <a99a6542> [5 ERR] Database::insert (INSERT INTO carddav_addressbooks("name","username","password","url","user_id","sync_token","active","presetname","use_categories","refresh_time") VALUES (?,?,?,?,?,?,?,?,?,?)) ERROR: [1] table carddav_addressbooks has no column named use_categories 
[10-Mar-2025 12:50:09 -0500]: <a99a6542> [5 ERR] Error adding addressbook from preset cPCardDAV: [1] table carddav_addressbooks has no column named use_categories 
[02-Apr-2025 13:41:01 -0500]: <b66a4b86> [5 ERR] Database::insert (INSERT INTO carddav_addressbooks("name","username","password","url","user_id","sync_token","active","presetname","use_categories","refresh_time") VALUES (?,?,?,?,?,?,?,?,?,?)) ERROR: [1] table carddav_addressbooks has no column named use_categories 
[02-Apr-2025 13:41:01 -0500]: <b66a4b86> [5 ERR] Error adding addressbook from preset cPCardDAV: [1] table carddav_addressbooks has no column named use_categories 
[02-Apr-2025 14:34:23 -0500]: <a8dc7daa> [5 ERR] Database::insert (INSERT INTO carddav_addressbooks("name","username","password","url","user_id","sync_token","active","presetname","use_categories","refresh_time") VALUES (?,?,?,?,?,?,?,?,?,?)) ERROR: [1] table carddav_addressbooks has no column named use_categories 
[02-Apr-2025 14:34:23 -0500]: <a8dc7daa> [5 ERR] Error adding addressbook from preset cPCardDAV: [1] table carddav_addressbooks has no column named use_categories 
[02-Apr-2025 17:09:49 -0500]: <35471f7a> [5 ERR] Database::insert (INSERT INTO carddav_addressbooks("name","username","password","url","user_id","sync_token","active","presetname","use_categories","refresh_time") VALUES (?,?,?,?,?,?,?,?,?,?)) ERROR: [1] table carddav_addressbooks has no column named use_categories 
[02-Apr-2025 17:09:49 -0500]: <35471f7a> [5 ERR] Error adding addressbook from preset cPCardDAV: [1] table carddav_addressbooks has no column named use_categories 
[03-Apr-2025 10:24:54 -0500]: <2f819987> [5 ERR] Database::insert (INSERT INTO carddav_addressbooks("name","username","password","url","user_id","sync_token","active","presetname","use_categories","refresh_time") VALUES (?,?,?,?,?,?,?,?,?,?)) ERROR: [1] table carddav_addressbooks has no column named use_categories 
[03-Apr-2025 10:24:54 -0500]: <2f819987> [5 ERR] Error adding addressbook from preset cPCardDAV: [1] table carddav_addressbooks has no column named use_categories 
[10-Apr-2025 11:37:49 -0500]: <23562571> [5 ERR] Database::insert (INSERT INTO carddav_addressbooks("name","username","password","url","user_id","sync_token","active","presetname","use_categories","refresh_time") VALUES (?,?,?,?,?,?,?,?,?,?)) ERROR: [1] table carddav_addressbooks has no column named use_categories 
[10-Apr-2025 11:37:49 -0500]: <23562571> [5 ERR] Error adding addressbook from preset cPCardDAV: [1] table carddav_addressbooks has no column named use_categories 
[22-Apr-2025 13:00:58 -0500]: <734d612a> [5 ERR] Database::insert (INSERT INTO carddav_addressbooks("name","username","password","url","user_id","sync_token","active","presetname","use_categories","refresh_time") VALUES (?,?,?,?,?,?,?,?,?,?)) ERROR: [1] table carddav_addressbooks has no column named use_categories 
[22-Apr-2025 13:00:58 -0500]: <734d612a> [5 ERR] Error adding addressbook from preset cPCardDAV: [1] table carddav_addressbooks has no column named use_categories 
[25-Apr-2025 15:23:52 -0500]: <961abaaf> [5 ERR] Database::insert (INSERT INTO carddav_addressbooks("name","username","password","url","user_id","sync_token","active","presetname","use_categories","refresh_time") VALUES (?,?,?,?,?,?,?,?,?,?)) ERROR: [1] table carddav_addressbooks has no column named use_categories 
[25-Apr-2025 15:23:52 -0500]: <961abaaf> [5 ERR] Error adding addressbook from preset cPCardDAV: [1] table carddav_addressbooks has no column named use_categories 
[30-Apr-2025 16:40:05 -0500]: <e046afda> [5 ERR] Database::insert (INSERT INTO carddav_addressbooks("name","username","password","url","user_id","sync_token","active","presetname","use_categories","refresh_time") VALUES (?,?,?,?,?,?,?,?,?,?)) ERROR: [1] table carddav_addressbooks has no column named use_categories 
[30-Apr-2025 16:40:05 -0500]: <e046afda> [5 ERR] Error adding addressbook from preset cPCardDAV: [1] table carddav_addressbooks has no column named use_categories 
[08-May-2025 15:17:38 -0500]: <0daf7be5> [5 ERR] Database::get (SELECT * FROM carddav_addressbooks WHERE (("user_id" = '1'))) ERROR: [1] no such table: carddav_addressbooks 
[08-May-2025 15:17:38 -0500]: <0daf7be5> [5 ERR] Error reading carddav addressbooks: [1] no such table: carddav_addressbooks 
[08-May-2025 15:17:38 -0500]: <0daf7be5> [5 ERR] Database::get (SELECT "filename" FROM carddav_migrations) ERROR: [1] no such table: carddav_migrations 
[08-May-2025 15:17:44 -0500]: <0daf7be5> [5 ERR] Database::insert (INSERT INTO carddav_addressbooks("name","username","password","url","user_id","sync_token","active","presetname","use_categories","refresh_time") VALUES (?,?,?,?,?,?,?,?,?,?)) ERROR: [1] table carddav_addressbooks has no column named use_categories 
[08-May-2025 15:17:44 -0500]: <0daf7be5> [5 ERR] Error adding addressbook from preset cPCardDAV: [1] table carddav_addressbooks has no column named use_categories 
